<?xml version="1.0" encoding="UTF-8"?>
<!-- Generated by org.testng.reporters.JUnitXMLReporter -->
<testsuite hostname="sys" ignored="0" name="Test" tests="3" failures="0" timestamp="2020-01-21T09:31:12 IST" time="4.042" errors="0">
  <testcase name="Validate_Get_products_Response_TC02" time="0.078" classname="Products.Products_Get"/>
  <testcase name="Validate_Get_products_StatusCode_TC01" time="0.016" classname="Products.Products_Get"/>
  <testcase name="Validate_Get_products_StatusLine_TC03" time="0.0" classname="Products.Products_Get"/>
</testsuite> <!-- Test -->
